Arguments: 
  /Users/chriswere/.nvm/versions/node/v11.15.0/bin/node /usr/local/Cellar/yarn/1.22.0/libexec/bin/yarn.js install --save-dev @babel/cli @babel/core @babel/node @babel/plugin-proposal-class-properties @babel/plugin-transform-runtime @babel/polyfill @babel/preset-env

PATH: 
  /Users/chriswere/.nvm/versions/node/v11.15.0/bin:/Users/chriswere/Library/Android/sdk/platform-tools:/usr/local/opt/php@5.6/sbin:/usr/local/opt/php@5.6/bin:/usr/local/bin:/usr/bin:/bin:/usr/sbin:/sbin:/opt/X11/bin:/Library/Apple/usr/bin:/Users/chriswere/.nvm/versions/node/v11.15.0/bin:/Users/chriswere/Library/Android/sdk/platform-tools:/usr/local/opt/php@5.6/sbin:/usr/local/opt/php@5.6/bin:/Users/chriswere/.composer/vendor/bin/:/usr/local/Cellar/aws-elasticbeanstalk/3.12.0/bin/:/Users/chriswere/.composer/vendor/bin/:/usr/local/Cellar/aws-elasticbeanstalk/3.12.0/bin/

Yarn version: 
  1.22.0

Node version: 
  11.15.0

Platform: 
  darwin x64

Trace: 
  SyntaxError: /Users/chriswere/mozzler/verida/verida-js/packages/datastore/package.json: Unexpected token } in JSON at position 854
      at JSON.parse (<anonymous>)
      at /usr/local/Cellar/yarn/1.22.0/libexec/lib/cli.js:1625:59
      at Generator.next (<anonymous>)
      at step (/usr/local/Cellar/yarn/1.22.0/libexec/lib/cli.js:310:30)
      at /usr/local/Cellar/yarn/1.22.0/libexec/lib/cli.js:321:13

npm manifest: 
  {
    "name": "@verida/datastore",
    "version": "0.8.0",
    "description": "Verida Datastore",
    "author": "Verida Pte Ltd",
    "homepage": "",
    "license": "Apache-2.0",
    "main": "src/index.js",
    "directories": {
      "src": "src",
      "test": "__tests__"
    },
    "files": [
      "lib"
    ],
    "scripts": {
      "test": "mocha -mocha --require @babel/polyfill --require @babel/register './test/**/*.js'",
      "generate-api-docs": "./node_modules/.bin/jsdoc ./ -r -c .jsdoc.conf -d apidocs -u tutorials --readme README.api.md",
      "serve-docs": "~/.npm-global/bin/docsify serve docs",
      "build:dist": "rm -rf dist; ./node_modules/.bin/webpack --config webpack.config.js --mode=development",
      "build:es5": "rm -rf lib; ./node_modules/.bin/babel src -d lib",
      "build": "npm run build:es5; npm run build:dist;",
      "prepublishOnly": "npm run build"
    },
  }

yarn manifest: 
  No manifest

Lockfile: 
  No lockfile
