Arguments: 
  /Users/chriswere/.nvm/versions/node/v12.15.0/bin/node /usr/local/Cellar/yarn/1.22.0/libexec/bin/yarn.js add 3id-did-provider

PATH: 
  /Users/chriswere/.nvm/versions/node/v12.15.0/bin:/Users/chriswere/Library/Android/sdk/platform-tools:/usr/local/opt/php@5.6/sbin:/usr/local/opt/php@5.6/bin:/usr/local/bin:/usr/bin:/bin:/usr/sbin:/sbin:/opt/X11/bin:/Library/Apple/usr/bin:/Users/chriswere/.nvm/versions/node/v12.15.0/bin:/Users/chriswere/Library/Android/sdk/platform-tools:/usr/local/opt/php@5.6/sbin:/usr/local/opt/php@5.6/bin:/Users/chriswere/.composer/vendor/bin/:/usr/local/Cellar/aws-elasticbeanstalk/3.12.0/bin/:/Users/chriswere/.composer/vendor/bin/:/usr/local/Cellar/aws-elasticbeanstalk/3.12.0/bin/

Yarn version: 
  1.22.0

Node version: 
  12.15.0

Platform: 
  darwin x64

Trace: 
  Error: https://registry.yarnpkg.com/@verida%2fstorage-connection: Not found
      at Request.params.callback [as _callback] (/usr/local/Cellar/yarn/1.22.0/libexec/lib/cli.js:66975:18)
      at Request.self.callback (/usr/local/Cellar/yarn/1.22.0/libexec/lib/cli.js:140727:22)
      at Request.emit (events.js:223:5)
      at Request.<anonymous> (/usr/local/Cellar/yarn/1.22.0/libexec/lib/cli.js:141699:10)
      at Request.emit (events.js:223:5)
      at IncomingMessage.<anonymous> (/usr/local/Cellar/yarn/1.22.0/libexec/lib/cli.js:141621:12)
      at Object.onceWrapper (events.js:312:28)
      at IncomingMessage.emit (events.js:228:7)
      at endReadableNT (_stream_readable.js:1185:12)
      at processTicksAndRejections (internal/process/task_queues.js:81:21)

npm manifest: 
  {
    "name": "@verida/storage-connection-3id",
    "version": "0.1.0",
    "description": "3ID implementation of a verida storage connection",
    "main": "dist/index.js",
    "license": "ISC",
    "dependencies": {
      "@verida/storage-connection": "^0.1.0"
    },
    "scripts": {
      "build": "tsc"
    },
    "devDependencies": {
      "typescript": "^4.1.3"
    }
  }

yarn manifest: 
  No manifest

Lockfile: 
  # THIS IS AN AUTOGENERATED FILE. DO NOT EDIT THIS FILE DIRECTLY.
  # yarn lockfile v1
  
  
  typescript@^4.1.3:
    version "4.1.3"
    resolved "https://registry.yarnpkg.com/typescript/-/typescript-4.1.3.tgz#519d582bd94cba0cf8934c7d8e8467e473f53bb7"
    integrity sha512-B3ZIOf1IKeH2ixgHhj6la6xdwR9QrLC5d1VKeCSY4tvkqhF2eqd9O7txNlS0PO3GrBAFIdr3L1ndNwteUbZLYg==
